<?xml version="1.0" encoding="UTF-8"?>
<!-- Generated by org.testng.reporters.JUnitXMLReporter -->
<testsuite ignored="3" hostname="DESKTOP-7ARKDEF" failures="0" tests="1" name="Regression" time="0.186" errors="0" timestamp="2020-07-03T17:01:50 EDT">
  <testcase classname="test.day1" name="firstTest" time="0.012"/>
  <testcase classname="test.day2" name="fourthTest" time="0.0">
    <ignored/>
  </testcase> <!-- fourthTest -->
  <testcase classname="test.day1" name="secondTest" time="0.0">
    <ignored/>
  </testcase> <!-- secondTest -->
  <testcase classname="test.day2" name="thirdTest" time="0.0">
    <ignored/>
  </testcase> <!-- thirdTest -->
</testsuite> <!-- Regression -->
