<?xml version="1.0" encoding="UTF-8"?>
<testng-results ignored="0" total="6" passed="5" failed="1" skipped="0">
  <reporter-output>
  </reporter-output>
  <suite started-at="2020-11-29T18:26:46 EST" name="Suite" finished-at="2020-11-29T18:26:46 EST" duration-ms="138">
    <groups>
      <group name="Smoke">
        <method signature="day1.firstTest()[pri:0, instance:test.day1@f2ff811]" name="firstTest" class="test.day1"/>
      </group> <!-- Smoke -->
    </groups>
    <test started-at="2020-11-29T18:26:46 EST" name="Test" finished-at="2020-11-29T18:26:46 EST" duration-ms="138">
      <class name="test.day2">
        <test-method is-config="true" signature="beforeSuite()[pri:0, instance:test.day2@65b3f4a4]" started-at="2020-11-29T18:26:46 EST" name="beforeSuite" finished-at="2020-11-29T18:26:46 EST" duration-ms="45" status="PASS">
          <reporter-output>
          </reporter-output>
        </test-method> <!-- beforeSuite -->
        <test-method is-config="true" signature="beforeClass()[pri:0, instance:test.day2@65b3f4a4]" started-at="2020-11-29T18:26:46 EST" name="beforeClass" finished-at="2020-11-29T18:26:46 EST" duration-ms="1" status="PASS">
          <reporter-output>
          </reporter-output>
        </test-method> <!-- beforeClass -->
        <test-method is-config="true" signature="beforeMethod()[pri:0, instance:test.day2@65b3f4a4]" started-at="2020-11-29T18:26:46 EST" name="beforeMethod" finished-at="2020-11-29T18:26:46 EST" duration-ms="1" status="PASS">
          <reporter-output>
          </reporter-output>
        </test-method> <!-- beforeMethod -->
        <test-method signature="fourthTest()[pri:0, instance:test.day2@65b3f4a4]" started-at="2020-11-29T18:26:46 EST" name="fourthTest" finished-at="2020-11-29T18:26:46 EST" duration-ms="2" status="PASS">
          <reporter-output>
          </reporter-output>
        </test-method> <!-- fourthTest -->
        <test-method is-config="true" signature="afterMethod()[pri:0, instance:test.day2@65b3f4a4]" started-at="2020-11-29T18:26:46 EST" name="afterMethod" finished-at="2020-11-29T18:26:46 EST" duration-ms="0" status="PASS">
          <reporter-output>
          </reporter-output>
        </test-method> <!-- afterMethod -->
        <test-method is-config="true" signature="beforeMethod()[pri:0, instance:test.day2@65b3f4a4]" started-at="2020-11-29T18:26:46 EST" name="beforeMethod" finished-at="2020-11-29T18:26:46 EST" duration-ms="1" status="PASS">
          <reporter-output>
          </reporter-output>
        </test-method> <!-- beforeMethod -->
        <test-method signature="thirdTest()[pri:0, instance:test.day2@65b3f4a4]" started-at="2020-11-29T18:26:46 EST" name="thirdTest" finished-at="2020-11-29T18:26:46 EST" duration-ms="3" status="PASS">
          <reporter-output>
          </reporter-output>
        </test-method> <!-- thirdTest -->
        <test-method is-config="true" signature="afterMethod()[pri:0, instance:test.day2@65b3f4a4]" started-at="2020-11-29T18:26:46 EST" name="afterMethod" finished-at="2020-11-29T18:26:46 EST" duration-ms="1" status="PASS">
          <reporter-output>
          </reporter-output>
        </test-method> <!-- afterMethod -->
        <test-method is-config="true" signature="afterClass()[pri:0, instance:test.day2@65b3f4a4]" started-at="2020-11-29T18:26:46 EST" name="afterClass" finished-at="2020-11-29T18:26:46 EST" duration-ms="0" status="PASS">
          <reporter-output>
          </reporter-output>
        </test-method> <!-- afterClass -->
        <test-method is-config="true" signature="afterTest()[pri:0, instance:test.day2@65b3f4a4]" started-at="2020-11-29T18:26:46 EST" name="afterTest" finished-at="2020-11-29T18:26:46 EST" duration-ms="1" status="PASS">
          <reporter-output>
          </reporter-output>
        </test-method> <!-- afterTest -->
        <test-method is-config="true" signature="afterSuite()[pri:0, instance:test.day2@65b3f4a4]" started-at="2020-11-29T18:26:47 EST" name="afterSuite" finished-at="2020-11-29T18:26:47 EST" duration-ms="2" status="PASS">
          <reporter-output>
          </reporter-output>
        </test-method> <!-- afterSuite -->
      </class> <!-- test.day2 -->
      <class name="test.day3">
        <test-method signature="fifthTest()[pri:0, instance:test.day3@568ff82]" started-at="2020-11-29T18:26:46 EST" name="fifthTest" finished-at="2020-11-29T18:26:46 EST" duration-ms="1" status="PASS">
          <reporter-output>
          </reporter-output>
        </test-method> <!-- fifthTest -->
        <test-method signature="sixthTest()[pri:0, instance:test.day3@568ff82]" started-at="2020-11-29T18:26:46 EST" name="sixthTest" finished-at="2020-11-29T18:26:46 EST" duration-ms="2" status="PASS">
          <reporter-output>
          </reporter-output>
        </test-method> <!-- sixthTest -->
      </class> <!-- test.day3 -->
      <class name="test.day1">
        <test-method is-config="true" signature="beforeTest()[pri:0, instance:test.day1@f2ff811]" started-at="2020-11-29T18:26:46 EST" name="beforeTest" finished-at="2020-11-29T18:26:46 EST" duration-ms="1" status="PASS">
          <reporter-output>
          </reporter-output>
        </test-method> <!-- beforeTest -->
        <test-method signature="firstTest()[pri:0, instance:test.day1@f2ff811]" started-at="2020-11-29T18:26:46 EST" name="firstTest" finished-at="2020-11-29T18:26:46 EST" duration-ms="13" status="PASS">
          <reporter-output>
          </reporter-output>
        </test-method> <!-- firstTest -->
        <test-method signature="secondTest()[pri:0, instance:test.day1@f2ff811]" started-at="2020-11-29T18:26:46 EST" name="secondTest" finished-at="2020-11-29T18:26:46 EST" duration-ms="4" status="FAIL">
          <exception class="java.lang.AssertionError">
            <message>
              <![CDATA[expected [true] but found [false]]]>
            </message>
            <full-stacktrace>
              <![CDATA[java.lang.AssertionError: expected [true] but found [false]
at org.testng.Assert.fail(Assert.java:97)
at org.testng.Assert.failNotEquals(Assert.java:968)
at org.testng.Assert.assertTrue(Assert.java:43)
at org.testng.Assert.assertTrue(Assert.java:53)
at test.day1.secondTest(day1.java:22)
at java.base/jdk.internal.reflect.NativeMethodAccessorImpl.invoke0(Native Method)
at java.base/jdk.internal.reflect.NativeMethodAccessorImpl.invoke(NativeMethodAccessorImpl.java:62)
at java.base/jdk.internal.reflect.DelegatingMethodAccessorImpl.invoke(DelegatingMethodAccessorImpl.java:43)
at java.base/java.lang.reflect.Method.invoke(Method.java:566)
at org.testng.internal.MethodInvocationHelper.invokeMethod(MethodInvocationHelper.java:135)
at org.testng.internal.TestInvoker.invokeMethod(TestInvoker.java:598)
at org.testng.internal.TestInvoker.invokeTestMethod(TestInvoker.java:174)
at org.testng.internal.MethodRunner.runInSequence(MethodRunner.java:46)
at org.testng.internal.TestInvoker$MethodInvocationAgent.invoke(TestInvoker.java:821)
at org.testng.internal.TestInvoker.invokeTestMethods(TestInvoker.java:147)
at org.testng.internal.TestMethodWorker.invokeTestMethods(TestMethodWorker.java:146)
at org.testng.internal.TestMethodWorker.run(TestMethodWorker.java:128)
at java.base/java.util.ArrayList.forEach(ArrayList.java:1540)
at org.testng.TestRunner.privateRun(TestRunner.java:767)
at org.testng.TestRunner.run(TestRunner.java:588)
at org.testng.SuiteRunner.runTest(SuiteRunner.java:384)
at org.testng.SuiteRunner.access$000(SuiteRunner.java:28)
at org.testng.SuiteRunner$SuiteWorker.run(SuiteRunner.java:425)
at org.testng.internal.thread.ThreadUtil.lambda$execute$0(ThreadUtil.java:68)
at java.base/java.util.concurrent.FutureTask.run(FutureTask.java:264)
at java.base/java.util.concurrent.ThreadPoolExecutor.runWorker(ThreadPoolExecutor.java:1128)
at java.base/java.util.concurrent.ThreadPoolExecutor$Worker.run(ThreadPoolExecutor.java:628)
at java.base/java.lang.Thread.run(Thread.java:834)
]]>
            </full-stacktrace>
          </exception> <!-- java.lang.AssertionError -->
          <reporter-output>
          </reporter-output>
        </test-method> <!-- secondTest -->
      </class> <!-- test.day1 -->
    </test> <!-- Test -->
  </suite> <!-- Suite -->
</testng-results>
